<?xml version="1.0" encoding="UTF-8"?>
<testng-results ignored="0" total="2" passed="2" failed="0" skipped="0">
  <reporter-output>
  </reporter-output>
  <suite started-at="2021-09-29T15:15:21Z" name="Suite" finished-at="2021-09-29T15:16:11Z" duration-ms="50648">
    <groups>
    </groups>
    <test started-at="2021-09-29T15:15:21Z" name="Test" finished-at="2021-09-29T15:16:11Z" duration-ms="50648">
      <class name="test.ProductSearchTest">
        <test-method signature="SeachTest()[pri:0, instance:test.ProductSearchTest@2812b107]" started-at="2021-09-29T15:15:21Z" name="SeachTest" finished-at="2021-09-29T15:15:54Z" duration-ms="32865" status="PASS">
          <reporter-output>
          </reporter-output>
        </test-method> <!-- SeachTest -->
        <test-method signature="SeachTest1()[pri:0, instance:test.ProductSearchTest@2812b107]" started-at="2021-09-29T15:15:21Z" name="SeachTest1" finished-at="2021-09-29T15:16:11Z" duration-ms="50583" status="PASS">
          <reporter-output>
          </reporter-output>
        </test-method> <!-- SeachTest1 -->
      </class> <!-- test.ProductSearchTest -->
    </test> <!-- Test -->
  </suite> <!-- Suite -->
</testng-results>
